{"/home/ajl/DevApps/Mine/blcp-api/src/app.ts": {"path":"/home/ajl/DevApps/Mine/blcp-api/src/app.ts","statementMap":{"0":{"start":{"line":1,"column":0},"end":{"line":1,"column":30}},"1":{"start":{"line":3,"column":0},"end":{"line":3,"column":27}},"2":{"start":{"line":5,"column":12},"end":{"line":5,"column":21}},"3":{"start":{"line":6,"column":0},"end":{"line":6,"column":24}},"4":{"start":{"line":8,"column":0},"end":{"line":10,"column":3}},"5":{"start":{"line":9,"column":2},"end":{"line":9,"column":27}},"6":{"start":{"line":12,"column":0},"end":{"line":14,"column":3}},"7":{"start":{"line":13,"column":2},"end":{"line":13,"column":29}},"8":{"start":{"line":16,"column":0},"end":{"line":16,"column":23}},"9":{"start":{"line":18,"column":0},"end":{"line":18,"column":19}}},"fnMap":{"0":{"name":"(anonymous_1)","decl":{"start":{"line":8,"column":13},"end":{"line":8,"column":14}},"loc":{"start":{"line":8,"column":45},"end":{"line":10,"column":1}}},"1":{"name":"(anonymous_2)","decl":{"start":{"line":12,"column":23},"end":{"line":12,"column":24}},"loc":{"start":{"line":12,"column":55},"end":{"line":14,"column":1}}}},"branchMap":{},"s":{"0":1,"1":1,"2":1,"3":1,"4":1,"5":1,"6":1,"7":1,"8":1,"9":1},"f":{"0":1,"1":1},"b":{}}
,"/home/ajl/DevApps/Mine/blcp-api/src/api/index.ts": {"path":"/home/ajl/DevApps/Mine/blcp-api/src/api/index.ts","statementMap":{"0":{"start":{"line":1,"column":0},"end":{"line":1,"column":9}},"1":{"start":{"line":1,"column":9},"end":{"line":1,"column":33}}},"fnMap":{"0":{"name":"(anonymous_0)","decl":{"start":{"line":1,"column":9},"end":{"line":1,"column":11}},"loc":{"start":{"line":1,"column":9},"end":{"line":1,"column":33}}}},"branchMap":{},"s":{"0":1,"1":2},"f":{"0":1},"b":{}}
,"/home/ajl/DevApps/Mine/blcp-api/src/api/v1/main.controller.ts": {"path":"/home/ajl/DevApps/Mine/blcp-api/src/api/v1/main.controller.ts","statementMap":{"0":{"start":{"line":2,"column":0},"end":{"line":2,"column":54}},"1":{"start":{"line":3,"column":0},"end":{"line":3,"column":77}},"2":{"start":{"line":9,"column":4},"end":{"line":9,"column":22}},"3":{"start":{"line":10,"column":4},"end":{"line":10,"column":25}},"4":{"start":{"line":13,"column":11},"end":{"line":21,"column":4}},"5":{"start":{"line":14,"column":19},"end":{"line":14,"column":29}},"6":{"start":{"line":15,"column":19},"end":{"line":15,"column":54}},"7":{"start":{"line":17,"column":4},"end":{"line":19,"column":5}},"8":{"start":{"line":18,"column":6},"end":{"line":18,"column":51}},"9":{"start":{"line":20,"column":4},"end":{"line":20,"column":28}},"10":{"start":{"line":23,"column":11},"end":{"line":26,"column":4}},"11":{"start":{"line":24,"column":29},"end":{"line":24,"column":51}},"12":{"start":{"line":25,"column":4},"end":{"line":25,"column":46}},"13":{"start":{"line":28,"column":14},"end":{"line":33,"column":4}},"14":{"start":{"line":29,"column":20},"end":{"line":29,"column":28}},"15":{"start":{"line":30,"column":4},"end":{"line":30,"column":43}},"16":{"start":{"line":31,"column":19},"end":{"line":31,"column":45}},"17":{"start":{"line":32,"column":4},"end":{"line":32,"column":40}},"18":{"start":{"line":35,"column":14},"end":{"line":41,"column":4}},"19":{"start":{"line":36,"column":19},"end":{"line":36,"column":29}},"20":{"start":{"line":37,"column":20},"end":{"line":37,"column":28}},"21":{"start":{"line":38,"column":4},"end":{"line":38,"column":43}},"22":{"start":{"line":39,"column":19},"end":{"line":39,"column":61}},"23":{"start":{"line":40,"column":4},"end":{"line":40,"column":28}},"24":{"start":{"line":6,"column":0},"end":{"line":6,"column":13}}},"fnMap":{"0":{"name":"(anonymous_9)","decl":{"start":{"line":8,"column":2},"end":{"line":8,"column":14}},"loc":{"start":{"line":8,"column":74},"end":{"line":11,"column":3}}},"1":{"name":"(anonymous_10)","decl":{"start":{"line":13,"column":30},"end":{"line":13,"column":35}},"loc":{"start":{"line":13,"column":49},"end":{"line":21,"column":3}}},"2":{"name":"(anonymous_11)","decl":{"start":{"line":23,"column":30},"end":{"line":23,"column":35}},"loc":{"start":{"line":23,"column":49},"end":{"line":26,"column":3}}},"3":{"name":"(anonymous_12)","decl":{"start":{"line":28,"column":33},"end":{"line":28,"column":38}},"loc":{"start":{"line":28,"column":52},"end":{"line":33,"column":3}}},"4":{"name":"(anonymous_13)","decl":{"start":{"line":35,"column":33},"end":{"line":35,"column":38}},"loc":{"start":{"line":35,"column":52},"end":{"line":41,"column":3}}}},"branchMap":{"0":{"loc":{"start":{"line":17,"column":4},"end":{"line":19,"column":5}},"type":"if","locations":[{"start":{"line":17,"column":4},"end":{"line":19,"column":5}},{"start":{},"end":{}}]}},"s":{"0":1,"1":1,"2":1,"3":1,"4":1,"5":0,"6":0,"7":0,"8":0,"9":0,"10":1,"11":0,"12":0,"13":1,"14":0,"15":0,"16":0,"17":0,"18":1,"19":0,"20":0,"21":0,"22":0,"23":0,"24":1},"f":{"0":1,"1":0,"2":0,"3":0,"4":0},"b":{"0":[0,0]}}
,"/home/ajl/DevApps/Mine/blcp-api/src/api/v1/routes.ts": {"path":"/home/ajl/DevApps/Mine/blcp-api/src/api/v1/routes.ts","statementMap":{"0":{"start":{"line":1,"column":0},"end":{"line":1,"column":33}},"1":{"start":{"line":2,"column":0},"end":{"line":2,"column":40}},"2":{"start":{"line":4,"column":13},"end":{"line":4,"column":27}},"3":{"start":{"line":6,"column":0},"end":{"line":6,"column":24}}},"fnMap":{},"branchMap":{},"s":{"0":1,"1":1,"2":1,"3":1},"f":{},"b":{}}
,"/home/ajl/DevApps/Mine/blcp-api/src/api/v1/users/user.controller.ts": {"path":"/home/ajl/DevApps/Mine/blcp-api/src/api/v1/users/user.controller.ts","statementMap":{"0":{"start":{"line":1,"column":0},"end":{"line":1,"column":53}},"1":{"start":{"line":2,"column":0},"end":{"line":2,"column":52}},"2":{"start":{"line":4,"column":0},"end":{"line":4,"column":46}}},"fnMap":{},"branchMap":{},"s":{"0":1,"1":1,"2":1},"f":{},"b":{}}
,"/home/ajl/DevApps/Mine/blcp-api/src/api/v1/users/user.routes.ts": {"path":"/home/ajl/DevApps/Mine/blcp-api/src/api/v1/users/user.routes.ts","statementMap":{"0":{"start":{"line":1,"column":0},"end":{"line":1,"column":33}},"1":{"start":{"line":2,"column":0},"end":{"line":2,"column":47}},"2":{"start":{"line":4,"column":14},"end":{"line":4,"column":22}},"3":{"start":{"line":6,"column":0},"end":{"line":6,"column":38}},"4":{"start":{"line":7,"column":0},"end":{"line":7,"column":41}},"5":{"start":{"line":13,"column":0},"end":{"line":13,"column":21}}},"fnMap":{},"branchMap":{},"s":{"0":1,"1":1,"2":1,"3":1,"4":1,"5":1},"f":{},"b":{}}
,"/home/ajl/DevApps/Mine/blcp-api/src/database/config.ts": {"path":"/home/ajl/DevApps/Mine/blcp-api/src/database/config.ts","statementMap":{"0":{"start":{"line":1,"column":0},"end":{"line":1,"column":23}},"1":{"start":{"line":2,"column":0},"end":{"line":2,"column":37}},"2":{"start":{"line":3,"column":0},"end":{"line":3,"column":37}},"3":{"start":{"line":5,"column":13},"end":{"line":14,"column":3}}},"fnMap":{},"branchMap":{},"s":{"0":1,"1":1,"2":1,"3":1},"f":{},"b":{}}
,"/home/ajl/DevApps/Mine/blcp-api/src/database/main.model.ts": {"path":"/home/ajl/DevApps/Mine/blcp-api/src/database/main.model.ts","statementMap":{"0":{"start":{"line":9,"column":0},"end":{"line":9,"column":41}},"1":{"start":{"line":10,"column":0},"end":{"line":10,"column":50}},"2":{"start":{"line":17,"column":4},"end":{"line":17,"column":36}},"3":{"start":{"line":18,"column":4},"end":{"line":18,"column":33}},"4":{"start":{"line":22,"column":4},"end":{"line":24,"column":59}},"5":{"start":{"line":28,"column":4},"end":{"line":28,"column":76}},"6":{"start":{"line":32,"column":4},"end":{"line":32,"column":79}},"7":{"start":{"line":36,"column":19},"end":{"line":38,"column":22}},"8":{"start":{"line":39,"column":4},"end":{"line":39,"column":71}},"9":{"start":{"line":43,"column":19},"end":{"line":45,"column":58}},"10":{"start":{"line":47,"column":4},"end":{"line":49,"column":5}},"11":{"start":{"line":48,"column":6},"end":{"line":48,"column":51}},"12":{"start":{"line":52,"column":4},"end":{"line":52,"column":74}},"13":{"start":{"line":54,"column":4},"end":{"line":54,"column":71}},"14":{"start":{"line":12,"column":0},"end":{"line":12,"column":13}}},"fnMap":{"0":{"name":"(anonymous_1)","decl":{"start":{"line":16,"column":2},"end":{"line":16,"column":14}},"loc":{"start":{"line":16,"column":41},"end":{"line":19,"column":3}}},"1":{"name":"(anonymous_2)","decl":{"start":{"line":21,"column":2},"end":{"line":21,"column":10}},"loc":{"start":{"line":21,"column":21},"end":{"line":25,"column":3}}},"2":{"name":"(anonymous_3)","decl":{"start":{"line":27,"column":2},"end":{"line":27,"column":9}},"loc":{"start":{"line":27,"column":37},"end":{"line":29,"column":3}}},"3":{"name":"(anonymous_4)","decl":{"start":{"line":31,"column":2},"end":{"line":31,"column":9}},"loc":{"start":{"line":31,"column":36},"end":{"line":33,"column":3}}},"4":{"name":"(anonymous_5)","decl":{"start":{"line":35,"column":2},"end":{"line":35,"column":7}},"loc":{"start":{"line":35,"column":25},"end":{"line":40,"column":3}}},"5":{"name":"(anonymous_6)","decl":{"start":{"line":42,"column":2},"end":{"line":42,"column":7}},"loc":{"start":{"line":42,"column":50},"end":{"line":55,"column":3}}}},"branchMap":{"0":{"loc":{"start":{"line":47,"column":4},"end":{"line":49,"column":5}},"type":"if","locations":[{"start":{"line":47,"column":4},"end":{"line":49,"column":5}},{"start":{},"end":{}}]}},"s":{"0":1,"1":1,"2":1,"3":1,"4":0,"5":0,"6":0,"7":0,"8":0,"9":0,"10":0,"11":0,"12":0,"13":0,"14":1},"f":{"0":1,"1":0,"2":0,"3":0,"4":0,"5":0},"b":{"0":[0,0]}}
,"/home/ajl/DevApps/Mine/blcp-api/src/database/entity/User.ts": {"path":"/home/ajl/DevApps/Mine/blcp-api/src/database/entity/User.ts","statementMap":{"0":{"start":{"line":1,"column":0},"end":{"line":1,"column":null}},"1":{"start":{"line":8,"column":0},"end":{"line":8,"column":28}},"2":{"start":{"line":10,"column":0},"end":{"line":10,"column":null}},"3":{"start":{"line":11,"column":2},"end":{"line":11,"column":null}},"4":{"start":{"line":12,"column":2},"end":{"line":12,"column":null}},"5":{"start":{"line":13,"column":2},"end":{"line":13,"column":null}},"6":{"start":{"line":14,"column":2},"end":{"line":14,"column":null}},"7":{"start":{"line":18,"column":7},"end":{"line":52,"column":null}},"8":{"start":{"line":44,"column":4},"end":{"line":46,"column":5}},"9":{"start":{"line":45,"column":6},"end":{"line":45,"column":59}},"10":{"start":{"line":50,"column":4},"end":{"line":50,"column":62}},"11":{"start":{"line":18,"column":13},"end":{"line":18,"column":17}},"12":{"start":{"line":20,"column":2},"end":{"line":20,"column":null}},"13":{"start":{"line":23,"column":2},"end":{"line":23,"column":null}},"14":{"start":{"line":26,"column":2},"end":{"line":26,"column":null}},"15":{"start":{"line":29,"column":2},"end":{"line":29,"column":null}},"16":{"start":{"line":36,"column":2},"end":{"line":36,"column":null}},"17":{"start":{"line":39,"column":2},"end":{"line":39,"column":null}},"18":{"start":{"line":43,"column":8},"end":{"line":47,"column":null}},"19":{"start":{"line":18,"column":13},"end":{"line":52,"column":null}}},"fnMap":{"0":{"name":"(anonymous_3)","decl":{"start":{"line":10,"column":0},"end":{"line":10,"column":12}},"loc":{"start":{"line":10,"column":20},"end":{"line":15,"column":1}}},"1":{"name":"(anonymous_4)","decl":{"start":{"line":43,"column":8},"end":{"line":43,"column":20}},"loc":{"start":{"line":43,"column":20},"end":{"line":47,"column":3}}},"2":{"name":"(anonymous_5)","decl":{"start":{"line":49,"column":2},"end":{"line":49,"column":7}},"loc":{"start":{"line":49,"column":45},"end":{"line":51,"column":3}}}},"branchMap":{"0":{"loc":{"start":{"line":10,"column":12},"end":{"line":10,"column":null}},"type":"binary-expr","locations":[{"start":{"line":10,"column":12},"end":{"line":10,"column":20}},{"start":{"line":10,"column":20},"end":{"line":10,"column":null}}]},"1":{"loc":{"start":{"line":44,"column":4},"end":{"line":46,"column":5}},"type":"if","locations":[{"start":{"line":44,"column":4},"end":{"line":46,"column":5}},{"start":{},"end":{}}]}},"s":{"0":1,"1":1,"2":1,"3":1,"4":1,"5":1,"6":1,"7":1,"8":0,"9":0,"10":0,"11":1,"12":1,"13":1,"14":1,"15":1,"16":1,"17":1,"18":1,"19":1},"f":{"0":1,"1":0,"2":0},"b":{"0":[1,1],"1":[0,0]}}
,"/home/ajl/DevApps/Mine/blcp-api/src/helpers/express.helper.ts": {"path":"/home/ajl/DevApps/Mine/blcp-api/src/helpers/express.helper.ts","statementMap":{"0":{"start":{"line":2,"column":0},"end":{"line":2,"column":31}},"1":{"start":{"line":20,"column":4},"end":{"line":29,"column":5}},"2":{"start":{"line":21,"column":6},"end":{"line":21,"column":30}},"3":{"start":{"line":22,"column":6},"end":{"line":22,"column":36}},"4":{"start":{"line":23,"column":6},"end":{"line":23,"column":30}},"5":{"start":{"line":25,"column":6},"end":{"line":25,"column":38}},"6":{"start":{"line":26,"column":6},"end":{"line":26,"column":52}},"7":{"start":{"line":27,"column":6},"end":{"line":27,"column":40}},"8":{"start":{"line":28,"column":6},"end":{"line":28,"column":40}},"9":{"start":{"line":30,"column":4},"end":{"line":30,"column":52}},"10":{"start":{"line":11,"column":0},"end":{"line":11,"column":13}},"11":{"start":{"line":34,"column":0},"end":{"line":34,"column":25}},"12":{"start":{"line":36,"column":34},"end":{"line":62,"column":1}},"13":{"start":{"line":43,"column":2},"end":{"line":61,"column":4}},"14":{"start":{"line":44,"column":4},"end":{"line":60,"column":5}},"15":{"start":{"line":45,"column":6},"end":{"line":45,"column":38}},"16":{"start":{"line":47,"column":6},"end":{"line":52,"column":7}},"17":{"start":{"line":48,"column":8},"end":{"line":51,"column":11}},"18":{"start":{"line":53,"column":18},"end":{"line":53,"column":36}},"19":{"start":{"line":55,"column":6},"end":{"line":59,"column":9}},"20":{"start":{"line":36,"column":13},"end":{"line":36,"column":34}}},"fnMap":{"0":{"name":"(anonymous_0)","decl":{"start":{"line":19,"column":2},"end":{"line":19,"column":14}},"loc":{"start":{"line":19,"column":75},"end":{"line":31,"column":3}}},"1":{"name":"(anonymous_1)","decl":{"start":{"line":36,"column":34},"end":{"line":36,"column":null}},"loc":{"start":{"line":42,"column":4},"end":{"line":62,"column":1}}},"2":{"name":"(anonymous_2)","decl":{"start":{"line":43,"column":9},"end":{"line":43,"column":14}},"loc":{"start":{"line":43,"column":67},"end":{"line":61,"column":3}}}},"branchMap":{"0":{"loc":{"start":{"line":20,"column":4},"end":{"line":29,"column":5}},"type":"if","locations":[{"start":{"line":20,"column":4},"end":{"line":29,"column":5}},{"start":{"line":24,"column":11},"end":{"line":29,"column":5}}]},"1":{"loc":{"start":{"line":47,"column":6},"end":{"line":52,"column":7}},"type":"if","locations":[{"start":{"line":47,"column":6},"end":{"line":52,"column":7}},{"start":{},"end":{}}]},"2":{"loc":{"start":{"line":55,"column":24},"end":{"line":55,"column":45}},"type":"binary-expr","locations":[{"start":{"line":55,"column":24},"end":{"line":55,"column":38}},{"start":{"line":55,"column":42},"end":{"line":55,"column":45}}]},"3":{"loc":{"start":{"line":56,"column":17},"end":{"line":56,"column":55}},"type":"binary-expr","locations":[{"start":{"line":56,"column":17},"end":{"line":56,"column":28}},{"start":{"line":56,"column":32},"end":{"line":56,"column":55}}]}},"s":{"0":1,"1":0,"2":0,"3":0,"4":0,"5":0,"6":0,"7":0,"8":0,"9":0,"10":1,"11":1,"12":1,"13":4,"14":0,"15":0,"16":0,"17":0,"18":0,"19":0,"20":1},"f":{"0":0,"1":4,"2":0},"b":{"0":[0,0],"1":[0,0],"2":[0,0],"3":[0,0]}}
}
